<?xml version="1.0" encoding="UTF-8"?>
<coverage generated="1647276740769" clover="3.2.0">
  <project timestamp="1647276740769" name="All files">
    <metrics statements="120" coveredstatements="120" conditionals="66" coveredconditionals="63" methods="24" coveredmethods="24" elements="210" coveredelements="207" complexity="0" loc="120" ncloc="120" packages="1" files="3" classes="3"/>
    <file name="getInput.js" path="/Users/maddiehughes/Code/projects/logic-blocks/Repose-Record/getInput.js">
      <metrics statements="2" coveredstatements="2" conditionals="0" coveredconditionals="0" methods="2" coveredmethods="2"/>
      <line num="3" count="1" type="stmt"/>
      <line num="4" count="9" type="stmt"/>
    </file>
    <file name="kata.js" path="/Users/maddiehughes/Code/projects/logic-blocks/Repose-Record/kata.js">
      <metrics statements="99" coveredstatements="99" conditionals="60" coveredconditionals="57" methods="19" coveredmethods="19"/>
      <line num="5" count="1" type="stmt"/>
      <line num="6" count="7" type="cond" truecount="2" falsecount="0"/>
      <line num="8" count="6" type="stmt"/>
      <line num="9" count="6" type="stmt"/>
      <line num="10" count="6" type="stmt"/>
      <line num="13" count="19268" type="stmt"/>
      <line num="14" count="19268" type="stmt"/>
      <line num="15" count="19268" type="stmt"/>
      <line num="20" count="2254" type="cond" truecount="2" falsecount="0"/>
      <line num="21" count="584" type="stmt"/>
      <line num="24" count="3504" type="stmt"/>
      <line num="27" count="584" type="cond" truecount="2" falsecount="0"/>
      <line num="28" count="11390" type="stmt"/>
      <line num="31" count="54" type="stmt"/>
      <line num="35" count="2254" type="stmt"/>
      <line num="36" count="44498" type="cond" truecount="2" falsecount="0"/>
      <line num="37" count="2254" type="stmt"/>
      <line num="39" count="2254" type="stmt"/>
      <line num="41" count="2254" type="cond" truecount="4" falsecount="0"/>
      <line num="42" count="1668" type="cond" truecount="2" falsecount="0"/>
      <line num="43" count="834" type="stmt"/>
      <line num="44" count="834" type="cond" truecount="1" falsecount="1"/>
      <line num="45" count="834" type="stmt"/>
      <line num="47" count="1668" type="cond" truecount="2" falsecount="0"/>
      <line num="48" count="1620" type="stmt"/>
      <line num="50" count="48" type="stmt"/>
      <line num="57" count="6" type="stmt"/>
      <line num="58" count="54" type="stmt"/>
      <line num="59" count="54" type="stmt"/>
      <line num="60" count="54" type="stmt"/>
      <line num="61" count="54" type="stmt"/>
      <line num="62" count="54" type="stmt"/>
      <line num="63" count="54" type="stmt"/>
      <line num="65" count="54" type="cond" truecount="2" falsecount="0"/>
      <line num="66" count="48" type="stmt"/>
      <line num="67" count="1668" type="cond" truecount="2" falsecount="0"/>
      <line num="68" count="834" type="stmt"/>
      <line num="70" count="834" type="stmt"/>
      <line num="73" count="1668" type="cond" truecount="4" falsecount="0"/>
      <line num="75" count="834" type="stmt"/>
      <line num="77" count="834" type="stmt"/>
      <line num="78" count="13174" type="stmt"/>
      <line num="81" count="834" type="stmt"/>
      <line num="82" count="834" type="stmt"/>
      <line num="86" count="54" type="cond" truecount="2" falsecount="0"/>
      <line num="90" count="54" type="stmt"/>
      <line num="93" count="6" type="stmt"/>
      <line num="94" count="48" type="cond" truecount="2" falsecount="0"/>
      <line num="99" count="1" type="stmt"/>
      <line num="100" count="3" type="cond" truecount="1" falsecount="1"/>
      <line num="102" count="3" type="stmt"/>
      <line num="103" count="3" type="stmt"/>
      <line num="104" count="3" type="stmt"/>
      <line num="107" count="10710" type="stmt"/>
      <line num="108" count="10710" type="stmt"/>
      <line num="109" count="10710" type="stmt"/>
      <line num="114" count="2203" type="cond" truecount="2" falsecount="0"/>
      <line num="115" count="569" type="stmt"/>
      <line num="118" count="3414" type="stmt"/>
      <line num="121" count="569" type="cond" truecount="2" falsecount="0"/>
      <line num="122" count="11369" type="stmt"/>
      <line num="125" count="48" type="stmt"/>
      <line num="129" count="2203" type="stmt"/>
      <line num="130" count="44411" type="cond" truecount="2" falsecount="0"/>
      <line num="131" count="2203" type="stmt"/>
      <line num="133" count="2203" type="stmt"/>
      <line num="135" count="2203" type="cond" truecount="4" falsecount="0"/>
      <line num="136" count="1632" type="cond" truecount="2" falsecount="0"/>
      <line num="137" count="816" type="stmt"/>
      <line num="138" count="816" type="cond" truecount="1" falsecount="1"/>
      <line num="139" count="816" type="stmt"/>
      <line num="141" count="1632" type="cond" truecount="2" falsecount="0"/>
      <line num="142" count="1590" type="stmt"/>
      <line num="144" count="42" type="stmt"/>
      <line num="151" count="3" type="stmt"/>
      <line num="152" count="48" type="stmt"/>
      <line num="153" count="48" type="stmt"/>
      <line num="154" count="48" type="stmt"/>
      <line num="155" count="48" type="stmt"/>
      <line num="156" count="48" type="stmt"/>
      <line num="157" count="48" type="stmt"/>
      <line num="159" count="48" type="cond" truecount="2" falsecount="0"/>
      <line num="160" count="42" type="stmt"/>
      <line num="161" count="1632" type="cond" truecount="2" falsecount="0"/>
      <line num="162" count="816" type="stmt"/>
      <line num="164" count="816" type="stmt"/>
      <line num="167" count="1632" type="cond" truecount="4" falsecount="0"/>
      <line num="169" count="816" type="stmt"/>
      <line num="171" count="816" type="stmt"/>
      <line num="172" count="12934" type="stmt"/>
      <line num="175" count="816" type="stmt"/>
      <line num="176" count="816" type="stmt"/>
      <line num="180" count="48" type="cond" truecount="2" falsecount="0"/>
      <line num="184" count="48" type="stmt"/>
      <line num="187" count="3" type="stmt"/>
      <line num="188" count="45" type="cond" truecount="2" falsecount="0"/>
      <line num="193" count="1" type="stmt"/>
      <line num="194" count="1" type="stmt"/>
      <line num="195" count="1" type="stmt"/>
    </file>
    <file name="utils.js" path="/Users/maddiehughes/Code/projects/logic-blocks/Repose-Record/utils.js">
      <metrics statements="19" coveredstatements="19" conditionals="6" coveredconditionals="6" methods="3" coveredmethods="3"/>
      <line num="2" count="1" type="stmt"/>
      <line num="3" count="4" type="stmt"/>
      <line num="7" count="1" type="stmt"/>
      <line num="8" count="4" type="stmt"/>
      <line num="9" count="4" type="stmt"/>
      <line num="13" count="1" type="stmt"/>
      <line num="14" count="92" type="stmt"/>
      <line num="15" count="92" type="stmt"/>
      <line num="16" count="92" type="stmt"/>
      <line num="17" count="92" type="stmt"/>
      <line num="19" count="92" type="stmt"/>
      <line num="20" count="26116" type="stmt"/>
      <line num="21" count="26116" type="cond" truecount="2" falsecount="0"/>
      <line num="22" count="26116" type="cond" truecount="2" falsecount="0"/>
      <line num="23" count="837" type="stmt"/>
      <line num="27" count="92" type="stmt"/>
      <line num="28" count="4882" type="cond" truecount="2" falsecount="0"/>
      <line num="29" count="216" type="stmt"/>
      <line num="33" count="92" type="stmt"/>
    </file>
  </project>
</coverage>
