<?xml version="1.0" encoding="UTF-8"?>
<coverage generated="1647277247414" clover="3.2.0">
  <project timestamp="1647277247414" name="All files">
    <metrics statements="120" coveredstatements="120" conditionals="66" coveredconditionals="63" methods="24" coveredmethods="24" elements="210" coveredelements="207" complexity="0" loc="120" ncloc="120" packages="2" files="3" classes="3"/>
    <package name="Repose-Record">
      <metrics statements="118" coveredstatements="118" conditionals="66" coveredconditionals="63" methods="22" coveredmethods="22"/>
      <file name="kata.js" path="/Users/maddiehughes/Code/projects/logic-blocks/Repose-Record/kata.js">
        <metrics statements="99" coveredstatements="99" conditionals="60" coveredconditionals="57" methods="19" coveredmethods="19"/>
        <line num="5" count="2" type="stmt"/>
        <line num="6" count="8" type="cond" truecount="2" falsecount="0"/>
        <line num="8" count="7" type="stmt"/>
        <line num="9" count="7" type="stmt"/>
        <line num="10" count="7" type="stmt"/>
        <line num="13" count="28870" type="stmt"/>
        <line num="14" count="28870" type="stmt"/>
        <line num="15" count="28870" type="stmt"/>
        <line num="20" count="3347" type="cond" truecount="2" falsecount="0"/>
        <line num="21" count="866" type="stmt"/>
        <line num="24" count="5196" type="stmt"/>
        <line num="27" count="866" type="cond" truecount="2" falsecount="0"/>
        <line num="28" count="17071" type="stmt"/>
        <line num="31" count="77" type="stmt"/>
        <line num="35" count="3347" type="stmt"/>
        <line num="36" count="66689" type="cond" truecount="2" falsecount="0"/>
        <line num="37" count="3347" type="stmt"/>
        <line num="39" count="3347" type="stmt"/>
        <line num="41" count="3347" type="cond" truecount="4" falsecount="0"/>
        <line num="42" count="2478" type="cond" truecount="2" falsecount="0"/>
        <line num="43" count="1239" type="stmt"/>
        <line num="44" count="1239" type="cond" truecount="1" falsecount="1"/>
        <line num="45" count="1239" type="stmt"/>
        <line num="47" count="2478" type="cond" truecount="2" falsecount="0"/>
        <line num="48" count="2410" type="stmt"/>
        <line num="50" count="68" type="stmt"/>
        <line num="57" count="7" type="stmt"/>
        <line num="58" count="77" type="stmt"/>
        <line num="59" count="77" type="stmt"/>
        <line num="60" count="77" type="stmt"/>
        <line num="61" count="77" type="stmt"/>
        <line num="62" count="77" type="stmt"/>
        <line num="63" count="77" type="stmt"/>
        <line num="65" count="77" type="cond" truecount="2" falsecount="0"/>
        <line num="66" count="68" type="stmt"/>
        <line num="67" count="2478" type="cond" truecount="2" falsecount="0"/>
        <line num="68" count="1239" type="stmt"/>
        <line num="70" count="1239" type="stmt"/>
        <line num="73" count="2478" type="cond" truecount="4" falsecount="0"/>
        <line num="75" count="1239" type="stmt"/>
        <line num="77" count="1239" type="stmt"/>
        <line num="78" count="19601" type="stmt"/>
        <line num="81" count="1239" type="stmt"/>
        <line num="82" count="1239" type="stmt"/>
        <line num="86" count="77" type="cond" truecount="2" falsecount="0"/>
        <line num="90" count="77" type="stmt"/>
        <line num="93" count="7" type="stmt"/>
        <line num="94" count="70" type="cond" truecount="2" falsecount="0"/>
        <line num="99" count="2" type="stmt"/>
        <line num="100" count="4" type="cond" truecount="1" falsecount="1"/>
        <line num="102" count="4" type="stmt"/>
        <line num="103" count="4" type="stmt"/>
        <line num="104" count="4" type="stmt"/>
        <line num="107" count="11802" type="stmt"/>
        <line num="108" count="11802" type="stmt"/>
        <line num="109" count="11802" type="stmt"/>
        <line num="114" count="3296" type="cond" truecount="2" falsecount="0"/>
        <line num="115" count="851" type="stmt"/>
        <line num="118" count="5106" type="stmt"/>
        <line num="121" count="851" type="cond" truecount="2" falsecount="0"/>
        <line num="122" count="17050" type="stmt"/>
        <line num="125" count="71" type="stmt"/>
        <line num="129" count="3296" type="stmt"/>
        <line num="130" count="66602" type="cond" truecount="2" falsecount="0"/>
        <line num="131" count="3296" type="stmt"/>
        <line num="133" count="3296" type="stmt"/>
        <line num="135" count="3296" type="cond" truecount="4" falsecount="0"/>
        <line num="136" count="2442" type="cond" truecount="2" falsecount="0"/>
        <line num="137" count="1221" type="stmt"/>
        <line num="138" count="1221" type="cond" truecount="1" falsecount="1"/>
        <line num="139" count="1221" type="stmt"/>
        <line num="141" count="2442" type="cond" truecount="2" falsecount="0"/>
        <line num="142" count="2380" type="stmt"/>
        <line num="144" count="62" type="stmt"/>
        <line num="151" count="4" type="stmt"/>
        <line num="152" count="71" type="stmt"/>
        <line num="153" count="71" type="stmt"/>
        <line num="154" count="71" type="stmt"/>
        <line num="155" count="71" type="stmt"/>
        <line num="156" count="71" type="stmt"/>
        <line num="157" count="71" type="stmt"/>
        <line num="159" count="71" type="cond" truecount="2" falsecount="0"/>
        <line num="160" count="62" type="stmt"/>
        <line num="161" count="2442" type="cond" truecount="2" falsecount="0"/>
        <line num="162" count="1221" type="stmt"/>
        <line num="164" count="1221" type="stmt"/>
        <line num="167" count="2442" type="cond" truecount="4" falsecount="0"/>
        <line num="169" count="1221" type="stmt"/>
        <line num="171" count="1221" type="stmt"/>
        <line num="172" count="19361" type="stmt"/>
        <line num="175" count="1221" type="stmt"/>
        <line num="176" count="1221" type="stmt"/>
        <line num="180" count="71" type="cond" truecount="2" falsecount="0"/>
        <line num="184" count="71" type="stmt"/>
        <line num="187" count="4" type="stmt"/>
        <line num="188" count="67" type="cond" truecount="2" falsecount="0"/>
        <line num="193" count="2" type="stmt"/>
        <line num="194" count="2" type="stmt"/>
        <line num="195" count="2" type="stmt"/>
      </file>
      <file name="utils.js" path="/Users/maddiehughes/Code/projects/logic-blocks/Repose-Record/utils.js">
        <metrics statements="19" coveredstatements="19" conditionals="6" coveredconditionals="6" methods="3" coveredmethods="3"/>
        <line num="2" count="2" type="stmt"/>
        <line num="3" count="5" type="stmt"/>
        <line num="7" count="2" type="stmt"/>
        <line num="8" count="5" type="stmt"/>
        <line num="9" count="5" type="stmt"/>
        <line num="13" count="2" type="stmt"/>
        <line num="14" count="132" type="stmt"/>
        <line num="15" count="132" type="stmt"/>
        <line num="16" count="132" type="stmt"/>
        <line num="17" count="132" type="stmt"/>
        <line num="19" count="132" type="stmt"/>
        <line num="20" count="38970" type="stmt"/>
        <line num="21" count="38970" type="cond" truecount="2" falsecount="0"/>
        <line num="22" count="38970" type="cond" truecount="2" falsecount="0"/>
        <line num="23" count="1241" type="stmt"/>
        <line num="27" count="132" type="stmt"/>
        <line num="28" count="7150" type="cond" truecount="2" falsecount="0"/>
        <line num="29" count="318" type="stmt"/>
        <line num="33" count="132" type="stmt"/>
      </file>
    </package>
    <package name="Repose-Record.data">
      <metrics statements="2" coveredstatements="2" conditionals="0" coveredconditionals="0" methods="2" coveredmethods="2"/>
      <file name="getInput.js" path="/Users/maddiehughes/Code/projects/logic-blocks/Repose-Record/data/getInput.js">
        <metrics statements="2" coveredstatements="2" conditionals="0" coveredconditionals="0" methods="2" coveredmethods="2"/>
        <line num="3" count="2" type="stmt"/>
        <line num="4" count="10" type="stmt"/>
      </file>
    </package>
  </project>
</coverage>
