{"/Users/maddiehughes/Code/projects/logic-blocks/Repose-Record/getInput.js": {"path":"/Users/maddiehughes/Code/projects/logic-blocks/Repose-Record/getInput.js","statementMap":{"0":{"start":{"line":3,"column":28},"end":{"line":5,"column":1}},"1":{"start":{"line":4,"column":2},"end":{"line":4,"column":69}},"2":{"start":{"line":4,"column":51},"end":{"line":4,"column":67}},"3":{"start":{"line":7,"column":25},"end":{"line":7,"column":52}}},"fnMap":{"0":{"name":"(anonymous_0)","decl":{"start":{"line":3,"column":28},"end":{"line":3,"column":29}},"loc":{"start":{"line":3,"column":38},"end":{"line":5,"column":1}},"line":3},"1":{"name":"(anonymous_1)","decl":{"start":{"line":4,"column":41},"end":{"line":4,"column":42}},"loc":{"start":{"line":4,"column":51},"end":{"line":4,"column":67}},"line":4}},"branchMap":{},"s":{"0":1,"1":3,"2":3,"3":1},"f":{"0":3,"1":3},"b":{},"_coverageSchema":"1a1c01bbd47fc00a2c39e90264f33305004495a9","hash":"cf657ae4ba4adcfa222319f987dc6d9ede26d34f"}
,"/Users/maddiehughes/Code/projects/logic-blocks/Repose-Record/kata.js": {"path":"/Users/maddiehughes/Code/projects/logic-blocks/Repose-Record/kata.js","statementMap":{"0":{"start":{"line":4,"column":28},"end":{"line":13,"column":1}},"1":{"start":{"line":6,"column":20},"end":{"line":6,"column":51}},"2":{"start":{"line":12,"column":2},"end":{"line":12,"column":19}},"3":{"start":{"line":16,"column":31},"end":{"line":18,"column":1}},"4":{"start":{"line":17,"column":2},"end":{"line":17,"column":50}}},"fnMap":{"0":{"name":"(anonymous_0)","decl":{"start":{"line":4,"column":28},"end":{"line":4,"column":29}},"loc":{"start":{"line":4,"column":43},"end":{"line":13,"column":1}},"line":4},"1":{"name":"(anonymous_1)","decl":{"start":{"line":16,"column":31},"end":{"line":16,"column":32}},"loc":{"start":{"line":16,"column":45},"end":{"line":18,"column":1}},"line":16}},"branchMap":{},"s":{"0":1,"1":2,"2":2,"3":1,"4":2},"f":{"0":2,"1":2},"b":{},"_coverageSchema":"1a1c01bbd47fc00a2c39e90264f33305004495a9","hash":"b4888556ca6baedb65967dd24790332048196dec"}
}
