{"/Users/maddiehughes/Code/projects/logic-blocks/Repose-Record/getInput.js": {"path":"/Users/maddiehughes/Code/projects/logic-blocks/Repose-Record/getInput.js","statementMap":{"0":{"start":{"line":3,"column":28},"end":{"line":5,"column":1}},"1":{"start":{"line":4,"column":2},"end":{"line":4,"column":69}},"2":{"start":{"line":4,"column":51},"end":{"line":4,"column":67}}},"fnMap":{"0":{"name":"(anonymous_0)","decl":{"start":{"line":3,"column":28},"end":{"line":3,"column":29}},"loc":{"start":{"line":3,"column":38},"end":{"line":5,"column":1}},"line":3},"1":{"name":"(anonymous_1)","decl":{"start":{"line":4,"column":41},"end":{"line":4,"column":42}},"loc":{"start":{"line":4,"column":51},"end":{"line":4,"column":67}},"line":4}},"branchMap":{},"s":{"0":1,"1":2,"2":2},"f":{"0":2,"1":2},"b":{},"_coverageSchema":"1a1c01bbd47fc00a2c39e90264f33305004495a9","hash":"8a4e09ee0677014bab5461c891294983bcea3629"}
,"/Users/maddiehughes/Code/projects/logic-blocks/Repose-Record/kata.js": {"path":"/Users/maddiehughes/Code/projects/logic-blocks/Repose-Record/kata.js","statementMap":{"0":{"start":{"line":6,"column":28},"end":{"line":99,"column":1}},"1":{"start":{"line":7,"column":2},"end":{"line":7,"column":80}},"2":{"start":{"line":7,"column":30},"end":{"line":7,"column":80}},"3":{"start":{"line":10,"column":2},"end":{"line":15,"column":5}},"4":{"start":{"line":11,"column":18},"end":{"line":11,"column":56}},"5":{"start":{"line":12,"column":18},"end":{"line":12,"column":56}},"6":{"start":{"line":14,"column":4},"end":{"line":14,"column":25}},"7":{"start":{"line":19,"column":28},"end":{"line":19,"column":30}},"8":{"start":{"line":21,"column":16},"end":{"line":21,"column":17}},"9":{"start":{"line":23,"column":2},"end":{"line":61,"column":5}},"10":{"start":{"line":26,"column":4},"end":{"line":39,"column":5}},"11":{"start":{"line":27,"column":6},"end":{"line":32,"column":8}},"12":{"start":{"line":30,"column":27},"end":{"line":30,"column":44}},"13":{"start":{"line":33,"column":6},"end":{"line":38,"column":7}},"14":{"start":{"line":34,"column":47},"end":{"line":34,"column":75}},"15":{"start":{"line":37,"column":8},"end":{"line":37,"column":44}},"16":{"start":{"line":41,"column":4},"end":{"line":60,"column":7}},"17":{"start":{"line":42,"column":6},"end":{"line":59,"column":7}},"18":{"start":{"line":43,"column":19},"end":{"line":43,"column":21}},"19":{"start":{"line":45,"column":30},"end":{"line":45,"column":68}},"20":{"start":{"line":47,"column":8},"end":{"line":53,"column":9}},"21":{"start":{"line":48,"column":10},"end":{"line":48,"column":25}},"22":{"start":{"line":49,"column":15},"end":{"line":53,"column":9}},"23":{"start":{"line":50,"column":10},"end":{"line":50,"column":28}},"24":{"start":{"line":51,"column":15},"end":{"line":53,"column":9}},"25":{"start":{"line":52,"column":10},"end":{"line":52,"column":25}},"26":{"start":{"line":54,"column":8},"end":{"line":58,"column":9}},"27":{"start":{"line":55,"column":10},"end":{"line":55,"column":63}},"28":{"start":{"line":57,"column":10},"end":{"line":57,"column":61}},"29":{"start":{"line":63,"column":29},"end":{"line":94,"column":4}},"30":{"start":{"line":64,"column":19},"end":{"line":64,"column":21}},"31":{"start":{"line":65,"column":4},"end":{"line":65,"column":33}},"32":{"start":{"line":66,"column":4},"end":{"line":66,"column":25}},"33":{"start":{"line":67,"column":20},"end":{"line":67,"column":22}},"34":{"start":{"line":68,"column":19},"end":{"line":68,"column":21}},"35":{"start":{"line":69,"column":19},"end":{"line":69,"column":21}},"36":{"start":{"line":71,"column":4},"end":{"line":88,"column":7}},"37":{"start":{"line":72,"column":6},"end":{"line":76,"column":7}},"38":{"start":{"line":73,"column":8},"end":{"line":73,"column":65}},"39":{"start":{"line":74,"column":13},"end":{"line":76,"column":7}},"40":{"start":{"line":75,"column":8},"end":{"line":75,"column":64}},"41":{"start":{"line":78,"column":6},"end":{"line":87,"column":7}},"42":{"start":{"line":80,"column":8},"end":{"line":80,"column":49}},"43":{"start":{"line":82,"column":8},"end":{"line":84,"column":9}},"44":{"start":{"line":82,"column":21},"end":{"line":82,"column":30}},"45":{"start":{"line":83,"column":10},"end":{"line":83,"column":27}},"46":{"start":{"line":85,"column":8},"end":{"line":85,"column":23}},"47":{"start":{"line":86,"column":8},"end":{"line":86,"column":22}},"48":{"start":{"line":89,"column":4},"end":{"line":91,"column":31}},"49":{"start":{"line":93,"column":4},"end":{"line":93,"column":18}},"50":{"start":{"line":96,"column":2},"end":{"line":98,"column":5}},"51":{"start":{"line":97,"column":4},"end":{"line":97,"column":45}},"52":{"start":{"line":102,"column":31},"end":{"line":104,"column":1}},"53":{"start":{"line":103,"column":2},"end":{"line":103,"column":47}},"54":{"start":{"line":107,"column":0},"end":{"line":109,"column":3}},"55":{"start":{"line":108,"column":2},"end":{"line":108,"column":51}}},"fnMap":{"0":{"name":"(anonymous_0)","decl":{"start":{"line":6,"column":28},"end":{"line":6,"column":29}},"loc":{"start":{"line":6,"column":43},"end":{"line":99,"column":1}},"line":6},"1":{"name":"(anonymous_1)","decl":{"start":{"line":10,"column":17},"end":{"line":10,"column":18}},"loc":{"start":{"line":10,"column":27},"end":{"line":15,"column":3}},"line":10},"2":{"name":"(anonymous_2)","decl":{"start":{"line":23,"column":20},"end":{"line":23,"column":21}},"loc":{"start":{"line":23,"column":40},"end":{"line":61,"column":3}},"line":23},"3":{"name":"(anonymous_3)","decl":{"start":{"line":30,"column":18},"end":{"line":30,"column":19}},"loc":{"start":{"line":30,"column":27},"end":{"line":30,"column":44}},"line":30},"4":{"name":"(anonymous_4)","decl":{"start":{"line":34,"column":33},"end":{"line":34,"column":34}},"loc":{"start":{"line":34,"column":47},"end":{"line":34,"column":75}},"line":34},"5":{"name":"(anonymous_5)","decl":{"start":{"line":41,"column":30},"end":{"line":41,"column":31}},"loc":{"start":{"line":41,"column":47},"end":{"line":60,"column":5}},"line":41},"6":{"name":"(anonymous_6)","decl":{"start":{"line":63,"column":51},"end":{"line":63,"column":52}},"loc":{"start":{"line":63,"column":60},"end":{"line":94,"column":3}},"line":63},"7":{"name":"(anonymous_7)","decl":{"start":{"line":71,"column":30},"end":{"line":71,"column":31}},"loc":{"start":{"line":71,"column":43},"end":{"line":88,"column":5}},"line":71},"8":{"name":"(anonymous_8)","decl":{"start":{"line":96,"column":35},"end":{"line":96,"column":36}},"loc":{"start":{"line":96,"column":45},"end":{"line":98,"column":3}},"line":96},"9":{"name":"(anonymous_9)","decl":{"start":{"line":102,"column":31},"end":{"line":102,"column":32}},"loc":{"start":{"line":102,"column":45},"end":{"line":104,"column":1}},"line":102},"10":{"name":"(anonymous_10)","decl":{"start":{"line":107,"column":33},"end":{"line":107,"column":34}},"loc":{"start":{"line":107,"column":43},"end":{"line":109,"column":1}},"line":107}},"branchMap":{"0":{"loc":{"start":{"line":7,"column":2},"end":{"line":7,"column":80}},"type":"if","locations":[{"start":{"line":7,"column":2},"end":{"line":7,"column":80}},{"start":{},"end":{}}],"line":7},"1":{"loc":{"start":{"line":26,"column":4},"end":{"line":39,"column":5}},"type":"if","locations":[{"start":{"line":26,"column":4},"end":{"line":39,"column":5}},{"start":{},"end":{}}],"line":26},"2":{"loc":{"start":{"line":33,"column":6},"end":{"line":38,"column":7}},"type":"if","locations":[{"start":{"line":33,"column":6},"end":{"line":38,"column":7}},{"start":{},"end":{}}],"line":33},"3":{"loc":{"start":{"line":42,"column":6},"end":{"line":59,"column":7}},"type":"if","locations":[{"start":{"line":42,"column":6},"end":{"line":59,"column":7}},{"start":{},"end":{}}],"line":42},"4":{"loc":{"start":{"line":47,"column":8},"end":{"line":53,"column":9}},"type":"if","locations":[{"start":{"line":47,"column":8},"end":{"line":53,"column":9}},{"start":{"line":49,"column":15},"end":{"line":53,"column":9}}],"line":47},"5":{"loc":{"start":{"line":49,"column":15},"end":{"line":53,"column":9}},"type":"if","locations":[{"start":{"line":49,"column":15},"end":{"line":53,"column":9}},{"start":{"line":51,"column":15},"end":{"line":53,"column":9}}],"line":49},"6":{"loc":{"start":{"line":51,"column":15},"end":{"line":53,"column":9}},"type":"if","locations":[{"start":{"line":51,"column":15},"end":{"line":53,"column":9}},{"start":{},"end":{}}],"line":51},"7":{"loc":{"start":{"line":54,"column":8},"end":{"line":58,"column":9}},"type":"if","locations":[{"start":{"line":54,"column":8},"end":{"line":58,"column":9}},{"start":{"line":56,"column":15},"end":{"line":58,"column":9}}],"line":54},"8":{"loc":{"start":{"line":72,"column":6},"end":{"line":76,"column":7}},"type":"if","locations":[{"start":{"line":72,"column":6},"end":{"line":76,"column":7}},{"start":{"line":74,"column":13},"end":{"line":76,"column":7}}],"line":72},"9":{"loc":{"start":{"line":74,"column":13},"end":{"line":76,"column":7}},"type":"if","locations":[{"start":{"line":74,"column":13},"end":{"line":76,"column":7}},{"start":{},"end":{}}],"line":74},"10":{"loc":{"start":{"line":78,"column":6},"end":{"line":87,"column":7}},"type":"if","locations":[{"start":{"line":78,"column":6},"end":{"line":87,"column":7}},{"start":{},"end":{}}],"line":78},"11":{"loc":{"start":{"line":78,"column":10},"end":{"line":78,"column":45}},"type":"binary-expr","locations":[{"start":{"line":78,"column":10},"end":{"line":78,"column":26}},{"start":{"line":78,"column":30},"end":{"line":78,"column":45}}],"line":78},"12":{"loc":{"start":{"line":89,"column":4},"end":{"line":91,"column":30}},"type":"cond-expr","locations":[{"start":{"line":90,"column":9},"end":{"line":90,"column":45}},{"start":{"line":91,"column":9},"end":{"line":91,"column":29}}],"line":89},"13":{"loc":{"start":{"line":97,"column":11},"end":{"line":97,"column":44}},"type":"cond-expr","locations":[{"start":{"line":97,"column":39},"end":{"line":97,"column":40}},{"start":{"line":97,"column":43},"end":{"line":97,"column":44}}],"line":97}},"s":{"0":1,"1":2,"2":0,"3":2,"4":19204,"5":19204,"6":19204,"7":2,"8":2,"9":2,"10":2186,"11":564,"12":3384,"13":564,"14":11362,"15":46,"16":2186,"17":44382,"18":2186,"19":2186,"20":2186,"21":564,"22":1622,"23":810,"24":812,"25":810,"26":2186,"27":2140,"28":46,"29":2,"30":46,"31":46,"32":46,"33":46,"34":46,"35":46,"36":46,"37":2186,"38":810,"39":1376,"40":810,"41":2186,"42":810,"43":810,"44":810,"45":12854,"46":810,"47":810,"48":46,"49":46,"50":2,"51":44,"52":1,"53":1,"54":1,"55":1},"f":{"0":2,"1":19204,"2":2186,"3":3384,"4":11362,"5":44382,"6":46,"7":2186,"8":44,"9":1,"10":1},"b":{"0":[0,2],"1":[564,1622],"2":[46,518],"3":[2186,42196],"4":[564,1622],"5":[810,812],"6":[810,2],"7":[2140,46],"8":[810,1376],"9":[810,566],"10":[810,1376],"11":[2186,1620],"12":[40,6],"13":[36,8]},"_coverageSchema":"1a1c01bbd47fc00a2c39e90264f33305004495a9","hash":"14d893de19b00eb0b37c273d0362843778bea26c"}
}
