TN:
SF:getInput.js
FN:3,(anonymous_0)
FN:4,(anonymous_1)
FNF:2
FNH:2
FNDA:2,(anonymous_0)
FNDA:2,(anonymous_1)
DA:3,1
DA:4,2
LF:2
LH:2
BRF:0
BRH:0
end_of_record
TN:
SF:kata.js
FN:6,(anonymous_0)
FN:10,(anonymous_1)
FN:23,(anonymous_2)
FN:30,(anonymous_3)
FN:34,(anonymous_4)
FN:41,(anonymous_5)
FN:63,(anonymous_6)
FN:71,(anonymous_7)
FN:96,(anonymous_8)
FN:102,(anonymous_9)
FN:107,(anonymous_10)
FNF:11
FNH:11
FNDA:2,(anonymous_0)
FNDA:19204,(anonymous_1)
FNDA:2186,(anonymous_2)
FNDA:3384,(anonymous_3)
FNDA:11362,(anonymous_4)
FNDA:44382,(anonymous_5)
FNDA:46,(anonymous_6)
FNDA:2186,(anonymous_7)
FNDA:44,(anonymous_8)
FNDA:1,(anonymous_9)
FNDA:1,(anonymous_10)
DA:6,1
DA:7,2
DA:10,2
DA:11,19204
DA:12,19204
DA:14,19204
DA:19,2
DA:21,2
DA:23,2
DA:26,2186
DA:27,564
DA:30,3384
DA:33,564
DA:34,11362
DA:37,46
DA:41,2186
DA:42,44382
DA:43,2186
DA:45,2186
DA:47,2186
DA:48,564
DA:49,1622
DA:50,810
DA:51,812
DA:52,810
DA:54,2186
DA:55,2140
DA:57,46
DA:63,2
DA:64,46
DA:65,46
DA:66,46
DA:67,46
DA:68,46
DA:69,46
DA:71,46
DA:72,2186
DA:73,810
DA:74,1376
DA:75,810
DA:78,2186
DA:80,810
DA:82,810
DA:83,12854
DA:85,810
DA:86,810
DA:89,46
DA:93,46
DA:96,2
DA:97,44
DA:102,1
DA:103,1
DA:107,1
DA:108,1
LF:54
LH:54
BRDA:7,0,0,0
BRDA:7,0,1,2
BRDA:26,1,0,564
BRDA:26,1,1,1622
BRDA:33,2,0,46
BRDA:33,2,1,518
BRDA:42,3,0,2186
BRDA:42,3,1,42196
BRDA:47,4,0,564
BRDA:47,4,1,1622
BRDA:49,5,0,810
BRDA:49,5,1,812
BRDA:51,6,0,810
BRDA:51,6,1,2
BRDA:54,7,0,2140
BRDA:54,7,1,46
BRDA:72,8,0,810
BRDA:72,8,1,1376
BRDA:74,9,0,810
BRDA:74,9,1,566
BRDA:78,10,0,810
BRDA:78,10,1,1376
BRDA:78,11,0,2186
BRDA:78,11,1,1620
BRDA:89,12,0,40
BRDA:89,12,1,6
BRDA:97,13,0,36
BRDA:97,13,1,8
BRF:28
BRH:27
end_of_record
