TN:
SF:getInput.js
FN:3,(anonymous_0)
FN:4,(anonymous_1)
FNF:2
FNH:2
FNDA:9,(anonymous_0)
FNDA:9,(anonymous_1)
DA:3,1
DA:4,9
LF:2
LH:2
BRF:0
BRH:0
end_of_record
TN:
SF:kata.js
FN:5,(anonymous_0)
FN:11,(anonymous_1)
FN:17,(anonymous_2)
FN:24,(anonymous_3)
FN:28,(anonymous_4)
FN:35,(anonymous_5)
FN:57,(anonymous_6)
FN:66,(anonymous_7)
FN:93,(anonymous_8)
FN:99,(anonymous_9)
FN:105,(anonymous_10)
FN:111,(anonymous_11)
FN:118,(anonymous_12)
FN:122,(anonymous_13)
FN:129,(anonymous_14)
FN:151,(anonymous_15)
FN:160,(anonymous_16)
FN:187,(anonymous_17)
FN:193,(anonymous_18)
FNF:19
FNH:19
FNDA:7,(anonymous_0)
FNDA:19268,(anonymous_1)
FNDA:2254,(anonymous_2)
FNDA:3504,(anonymous_3)
FNDA:11390,(anonymous_4)
FNDA:44498,(anonymous_5)
FNDA:54,(anonymous_6)
FNDA:1668,(anonymous_7)
FNDA:48,(anonymous_8)
FNDA:3,(anonymous_9)
FNDA:10710,(anonymous_10)
FNDA:2203,(anonymous_11)
FNDA:3414,(anonymous_12)
FNDA:11369,(anonymous_13)
FNDA:44411,(anonymous_14)
FNDA:48,(anonymous_15)
FNDA:1632,(anonymous_16)
FNDA:45,(anonymous_17)
FNDA:1,(anonymous_18)
DA:5,1
DA:6,7
DA:8,6
DA:9,6
DA:10,6
DA:13,19268
DA:14,19268
DA:15,19268
DA:20,2254
DA:21,584
DA:24,3504
DA:27,584
DA:28,11390
DA:31,54
DA:35,2254
DA:36,44498
DA:37,2254
DA:39,2254
DA:41,2254
DA:42,1668
DA:43,834
DA:44,834
DA:45,834
DA:47,1668
DA:48,1620
DA:50,48
DA:57,6
DA:58,54
DA:59,54
DA:60,54
DA:61,54
DA:62,54
DA:63,54
DA:65,54
DA:66,48
DA:67,1668
DA:68,834
DA:70,834
DA:73,1668
DA:75,834
DA:77,834
DA:78,13174
DA:81,834
DA:82,834
DA:86,54
DA:90,54
DA:93,6
DA:94,48
DA:99,1
DA:100,3
DA:102,3
DA:103,3
DA:104,3
DA:107,10710
DA:108,10710
DA:109,10710
DA:114,2203
DA:115,569
DA:118,3414
DA:121,569
DA:122,11369
DA:125,48
DA:129,2203
DA:130,44411
DA:131,2203
DA:133,2203
DA:135,2203
DA:136,1632
DA:137,816
DA:138,816
DA:139,816
DA:141,1632
DA:142,1590
DA:144,42
DA:151,3
DA:152,48
DA:153,48
DA:154,48
DA:155,48
DA:156,48
DA:157,48
DA:159,48
DA:160,42
DA:161,1632
DA:162,816
DA:164,816
DA:167,1632
DA:169,816
DA:171,816
DA:172,12934
DA:175,816
DA:176,816
DA:180,48
DA:184,48
DA:187,3
DA:188,45
DA:193,1
DA:194,1
DA:195,1
LF:99
LH:99
BRDA:6,0,0,1
BRDA:6,0,1,6
BRDA:20,1,0,584
BRDA:20,1,1,1670
BRDA:27,2,0,54
BRDA:27,2,1,530
BRDA:36,3,0,2254
BRDA:36,3,1,42244
BRDA:41,4,0,1668
BRDA:41,4,1,586
BRDA:41,5,0,2254
BRDA:41,5,1,1670
BRDA:42,6,0,834
BRDA:42,6,1,834
BRDA:44,7,0,834
BRDA:44,7,1,0
BRDA:47,8,0,1620
BRDA:47,8,1,48
BRDA:65,9,0,48
BRDA:65,9,1,6
BRDA:67,10,0,834
BRDA:67,10,1,834
BRDA:73,11,0,834
BRDA:73,11,1,834
BRDA:73,12,0,1668
BRDA:73,12,1,1668
BRDA:86,13,0,48
BRDA:86,13,1,6
BRDA:94,14,0,40
BRDA:94,14,1,8
BRDA:100,15,0,0
BRDA:100,15,1,3
BRDA:114,16,0,569
BRDA:114,16,1,1634
BRDA:121,17,0,48
BRDA:121,17,1,521
BRDA:130,18,0,2203
BRDA:130,18,1,42208
BRDA:135,19,0,1632
BRDA:135,19,1,571
BRDA:135,20,0,2203
BRDA:135,20,1,1634
BRDA:136,21,0,816
BRDA:136,21,1,816
BRDA:138,22,0,816
BRDA:138,22,1,0
BRDA:141,23,0,1590
BRDA:141,23,1,42
BRDA:159,24,0,42
BRDA:159,24,1,6
BRDA:161,25,0,816
BRDA:161,25,1,816
BRDA:167,26,0,816
BRDA:167,26,1,816
BRDA:167,27,0,1632
BRDA:167,27,1,1632
BRDA:180,28,0,42
BRDA:180,28,1,6
BRDA:188,29,0,36
BRDA:188,29,1,9
BRF:60
BRH:57
end_of_record
TN:
SF:utils.js
FN:2,(anonymous_0)
FN:7,(anonymous_1)
FN:13,(anonymous_2)
FNF:3
FNH:3
FNDA:4,(anonymous_0)
FNDA:4,(anonymous_1)
FNDA:92,(anonymous_2)
DA:2,1
DA:3,4
DA:7,1
DA:8,4
DA:9,4
DA:13,1
DA:14,92
DA:15,92
DA:16,92
DA:17,92
DA:19,92
DA:20,26116
DA:21,26116
DA:22,26116
DA:23,837
DA:27,92
DA:28,4882
DA:29,216
DA:33,92
LF:19
LH:19
BRDA:21,0,0,26116
BRDA:21,0,1,4882
BRDA:22,1,0,837
BRDA:22,1,1,25279
BRDA:28,2,0,216
BRDA:28,2,1,4666
BRF:6
BRH:6
end_of_record
